app/build/intermediates/manifest_merge_blame_file/debug/manifest-merger-blame-debug-report.txt
1<?xml version="1.0" encoding="utf-8"?>
2<manifest xmlns:android="http://schemas.android.com/apk/res/android"
3    package="com.example.thefristcode.jetpackproject"
4    android:versionCode="1"
5    android:versionName="1.0" >
6
7    <uses-sdk
8        android:minSdkVersion="26"
8-->src/main/AndroidManifest.xml
9        android:targetSdkVersion="30" />
9-->src/main/AndroidManifest.xml
10
11    <uses-permission android:name="android.permission.RECEIVE_BOOT_COMPLETED" />
11-->src/main/AndroidManifest.xml:5:5-81
11-->src/main/AndroidManifest.xml:5:22-78
12
13    <application
13-->src/main/AndroidManifest.xml:7:5-62:19
14        android:allowBackup="true"
14-->src/main/AndroidManifest.xml:8:9-35
15        android:appComponentFactory="androidx.core.app.CoreComponentFactory"
15-->[androidx.core:core:1.3.1] AndroidManifest.xml:24:18-86
16        android:debuggable="true"
17        android:extractNativeLibs="false"
18        android:icon="@mipmap/ic_launcher"
18-->src/main/AndroidManifest.xml:9:9-43
19        android:label="@string/app_name"
19-->src/main/AndroidManifest.xml:10:9-41
20        android:roundIcon="@mipmap/ic_launcher_round"
20-->src/main/AndroidManifest.xml:11:9-54
21        android:supportsRtl="true"
21-->src/main/AndroidManifest.xml:12:9-35
22        android:testOnly="true"
23        android:theme="@style/AppTheme" >
23-->src/main/AndroidManifest.xml:13:9-40
24        <activity android:name="com.example.thefristcode.jetpackproject.savedata.SaveDataToFileActivity" >
24-->src/main/AndroidManifest.xml:14:9-20:20
24-->src/main/AndroidManifest.xml:14:19-66
25            <intent-filter>
25-->src/main/AndroidManifest.xml:15:13-19:29
26                <action android:name="android.intent.action.MAIN" />
26-->src/main/AndroidManifest.xml:16:17-69
26-->src/main/AndroidManifest.xml:16:25-66
27
28                <category android:name="android.intent.category.LAUNCHER" />
28-->src/main/AndroidManifest.xml:18:17-77
28-->src/main/AndroidManifest.xml:18:27-74
29            </intent-filter>
30        </activity>
31
32        <receiver
32-->src/main/AndroidManifest.xml:22:9-29:20
33            android:name="com.example.thefristcode.jetpackproject.broadcastreceivers.AnotherMyBroadCastReceiver"
33-->src/main/AndroidManifest.xml:23:13-74
34            android:enabled="true"
34-->src/main/AndroidManifest.xml:24:13-35
35            android:exported="true" >
35-->src/main/AndroidManifest.xml:25:13-36
36            <intent-filter android:priority="100" >
36-->src/main/AndroidManifest.xml:26:13-28:29
36-->src/main/AndroidManifest.xml:26:28-50
37                <action android:name="com.example.broadcastrecever.MY_BROADCAST" />
37-->src/main/AndroidManifest.xml:27:17-84
37-->src/main/AndroidManifest.xml:27:25-81
38            </intent-filter>
39        </receiver>
40        <receiver
40-->src/main/AndroidManifest.xml:30:9-37:20
41            android:name="com.example.thefristcode.jetpackproject.broadcastreceivers.MyBroadCastReceiver"
41-->src/main/AndroidManifest.xml:31:13-67
42            android:enabled="true"
42-->src/main/AndroidManifest.xml:32:13-35
43            android:exported="true" >
43-->src/main/AndroidManifest.xml:33:13-36
44            <intent-filter>
44-->src/main/AndroidManifest.xml:26:13-28:29
45                <action android:name="com.example.broadcastrecever.MY_BROADCAST" />
45-->src/main/AndroidManifest.xml:27:17-84
45-->src/main/AndroidManifest.xml:27:25-81
46            </intent-filter>
47        </receiver>
48        <receiver
48-->src/main/AndroidManifest.xml:38:9-45:20
49            android:name="com.example.thefristcode.jetpackproject.broadcastreceivers.BootCompleReceiver"
49-->src/main/AndroidManifest.xml:39:13-66
50            android:enabled="true"
50-->src/main/AndroidManifest.xml:40:13-35
51            android:exported="true" >
51-->src/main/AndroidManifest.xml:41:13-36
52            <intent-filter>
52-->src/main/AndroidManifest.xml:42:13-44:29
53                <action android:name="android.intent.action.BOOT_COMPLETED" />
53-->src/main/AndroidManifest.xml:43:17-79
53-->src/main/AndroidManifest.xml:43:25-76
54            </intent-filter>
55        </receiver>
56
57        <activity android:name="com.example.thefristcode.jetpackproject.broadcastreceivers.SystemReceiverActivity" >
57-->src/main/AndroidManifest.xml:47:9-49:20
57-->src/main/AndroidManifest.xml:47:19-76
58        </activity>
59        <activity android:name="com.example.thefristcode.jetpackproject.fragments.SimpleFragmentActivity" />
59-->src/main/AndroidManifest.xml:50:9-70
59-->src/main/AndroidManifest.xml:50:19-67
60        <activity android:name="com.example.thefristcode.jetpackproject.recycleviews.RecycleViewActivity" />
60-->src/main/AndroidManifest.xml:51:9-70
60-->src/main/AndroidManifest.xml:51:19-67
61        <activity android:name="com.example.thefristcode.jetpackproject.uis.ProgressActivity" />
61-->src/main/AndroidManifest.xml:52:9-58
61-->src/main/AndroidManifest.xml:52:19-55
62        <activity android:name="com.example.thefristcode.jetpackproject.lifes.StartTestActivity" />
62-->src/main/AndroidManifest.xml:53:9-61
62-->src/main/AndroidManifest.xml:53:19-58
63        <activity android:name="com.example.thefristcode.jetpackproject.lifes.NormalActivity" />
63-->src/main/AndroidManifest.xml:54:9-58
63-->src/main/AndroidManifest.xml:54:19-55
64        <activity
64-->src/main/AndroidManifest.xml:55:9-57:61
65            android:name="com.example.thefristcode.jetpackproject.lifes.DiaLogActivity"
65-->src/main/AndroidManifest.xml:56:13-49
66            android:theme="@style/Theme.AppCompat.Dialog" />
66-->src/main/AndroidManifest.xml:57:13-58
67        <activity android:name="com.example.thefristcode.jetpackproject.activitys.MessageActivity" />
67-->src/main/AndroidManifest.xml:58:9-63
67-->src/main/AndroidManifest.xml:58:19-60
68        <activity android:name="com.example.thefristcode.jetpackproject.activitys.IntentsActivity" />
68-->src/main/AndroidManifest.xml:59:9-63
68-->src/main/AndroidManifest.xml:59:19-60
69        <activity android:name="com.example.thefristcode.jetpackproject.activitys.MenuActivity" />
69-->src/main/AndroidManifest.xml:60:9-60
69-->src/main/AndroidManifest.xml:60:19-57
70        <activity android:name="com.example.thefristcode.jetpackproject.lifes.MainActivity" />
70-->src/main/AndroidManifest.xml:61:9-56
70-->src/main/AndroidManifest.xml:61:19-53
71
72        <provider
72-->[androidx.lifecycle:lifecycle-process:2.2.0] AndroidManifest.xml:25:9-29:43
73            android:name="androidx.lifecycle.ProcessLifecycleOwnerInitializer"
73-->[androidx.lifecycle:lifecycle-process:2.2.0] AndroidManifest.xml:26:13-79
74            android:authorities="com.example.thefristcode.jetpackproject.lifecycle-process"
74-->[androidx.lifecycle:lifecycle-process:2.2.0] AndroidManifest.xml:27:13-69
75            android:exported="false"
75-->[androidx.lifecycle:lifecycle-process:2.2.0] AndroidManifest.xml:28:13-37
76            android:multiprocess="true" />
76-->[androidx.lifecycle:lifecycle-process:2.2.0] AndroidManifest.xml:29:13-40
77    </application>
78
79</manifest>